{
  "RSpec": {
    "coverage": {
      "/home/pedro/programacao/mobits/bankits/app/helpers/application_helper.rb": {
        "lines": [
          1,
          null
        ]
      },
      "/home/pedro/programacao/mobits/bankits/app/models/user.rb": {
        "lines": [
          1,
          1,
          1,
          null,
          1,
          null,
          null,
          1,
          1,
          null,
          1,
          1,
          null,
          1,
          1,
          1,
          null
        ]
      },
      "/home/pedro/programacao/mobits/bankits/app/models/application_record.rb": {
        "lines": [
          1,
          1,
          null
        ]
      },
      "/home/pedro/programacao/mobits/bankits/app/controllers/application_controller.rb": {
        "lines": [
          1,
          1,
          null,
          1,
          null,
          1,
          null,
          1,
          16,
          null,
          null
        ]
      },
      "/home/pedro/programacao/mobits/bankits/app/controllers/statements_controller.rb": {
        "lines": [
          1,
          1,
          null,
          1,
          3,
          null,
          null
        ]
      }
    },
    "timestamp": 1749595531
  }
}
